[2020-12-13 21:30:56.758] [exthost] [info] extension host started
[2020-12-13 21:30:56.800] [exthost] [info] ExtensionService#_doActivateExtension vscode.microsoft-authentication {"startup":false,"extensionId":{"value":"vscode.microsoft-authentication","_lower":"vscode.microsoft-authentication"},"activationEvent":"onAuthenticationRequest:microsoft"}
[2020-12-13 21:30:56.800] [exthost] [info] ExtensionService#loadCommonJSModule file:///c:/Users/yu/AppData/Local/Programs/Microsoft VS Code/resources/app/extensions/microsoft-authentication/dist/extension.js
[2020-12-13 21:30:56.823] [exthost] [info] ExtensionService#_doActivateExtension vscode.debug-auto-launch {"startup":true,"extensionId":{"value":"vscode.debug-auto-launch","_lower":"vscode.debug-auto-launch"},"activationEvent":"*"}
[2020-12-13 21:30:56.824] [exthost] [info] ExtensionService#loadCommonJSModule file:///c:/Users/yu/AppData/Local/Programs/Microsoft VS Code/resources/app/extensions/debug-auto-launch/dist/extension
[2020-12-13 21:30:56.828] [exthost] [info] ExtensionService#_doActivateExtension vscode.emmet {"startup":true,"extensionId":{"value":"vscode.emmet","_lower":"vscode.emmet"},"activationEvent":"*"}
[2020-12-13 21:30:56.828] [exthost] [info] ExtensionService#loadCommonJSModule file:///c:/Users/yu/AppData/Local/Programs/Microsoft VS Code/resources/app/extensions/emmet/dist/node/emmetNodeMain
[2020-12-13 21:30:56.868] [exthost] [info] ExtensionService#_doActivateExtension vscode.git {"startup":true,"extensionId":{"value":"vscode.github","_lower":"vscode.github"},"activationEvent":"*"}
[2020-12-13 21:30:56.868] [exthost] [info] ExtensionService#loadCommonJSModule file:///c:/Users/yu/AppData/Local/Programs/Microsoft VS Code/resources/app/extensions/git/dist/main
[2020-12-13 21:30:56.923] [exthost] [info] ExtensionService#_doActivateExtension vscode.merge-conflict {"startup":true,"extensionId":{"value":"vscode.merge-conflict","_lower":"vscode.merge-conflict"},"activationEvent":"*"}
[2020-12-13 21:30:56.923] [exthost] [info] ExtensionService#loadCommonJSModule file:///c:/Users/yu/AppData/Local/Programs/Microsoft VS Code/resources/app/extensions/merge-conflict/dist/mergeConflictMain
[2020-12-13 21:30:56.929] [exthost] [info] ExtensionService#_doActivateExtension vscode.search-result {"startup":true,"extensionId":{"value":"vscode.search-result","_lower":"vscode.search-result"},"activationEvent":"*"}
[2020-12-13 21:30:56.929] [exthost] [info] ExtensionService#loadCommonJSModule file:///c:/Users/yu/AppData/Local/Programs/Microsoft VS Code/resources/app/extensions/search-result/dist/extension.js
[2020-12-13 21:30:56.991] [exthost] [info] ExtensionService#_doActivateExtension ms-vscode.js-debug {"startup":false,"extensionId":{"value":"ms-vscode.js-debug","_lower":"ms-vscode.js-debug"},"activationEvent":"onCommand:extension.js-debug.clearAutoAttachVariables"}
[2020-12-13 21:30:56.992] [exthost] [info] ExtensionService#loadCommonJSModule file:///c:/Users/yu/AppData/Local/Programs/Microsoft VS Code/resources/app/extensions/ms-vscode.js-debug/src/extension.js
[2020-12-13 21:30:57.173] [exthost] [info] ExtensionService#_doActivateExtension vscode.github {"startup":true,"extensionId":{"value":"vscode.github","_lower":"vscode.github"},"activationEvent":"*"}
[2020-12-13 21:30:57.173] [exthost] [info] ExtensionService#loadCommonJSModule file:///c:/Users/yu/AppData/Local/Programs/Microsoft VS Code/resources/app/extensions/github/dist/extension.js
[2020-12-13 21:30:57.191] [exthost] [info] ExtensionService#loadCommonJSModule file:///d:/Workspace/vscode-markdown/out/test/suite/index
[2020-12-13 21:30:57.300] [exthost] [info] ExtensionService#_doActivateExtension vscode.github-authentication {"startup":false,"extensionId":{"value":"vscode.github-authentication","_lower":"vscode.github-authentication"},"activationEvent":"onAuthenticationRequest:github"}
[2020-12-13 21:30:57.300] [exthost] [info] ExtensionService#loadCommonJSModule file:///c:/Users/yu/AppData/Local/Programs/Microsoft VS Code/resources/app/extensions/github-authentication/dist/extension.js
[2020-12-13 21:30:57.736] [exthost] [info] ExtensionService#_doActivateExtension vscode.extension-editing {"startup":false,"extensionId":{"value":"vscode.extension-editing","_lower":"vscode.extension-editing"},"activationEvent":"onLanguage:markdown"}
[2020-12-13 21:30:57.736] [exthost] [info] ExtensionService#loadCommonJSModule file:///c:/Users/yu/AppData/Local/Programs/Microsoft VS Code/resources/app/extensions/extension-editing/dist/extensionEditingMain
[2020-12-13 21:30:57.761] [exthost] [info] ExtensionService#_doActivateExtension vscode.markdown-language-features {"startup":false,"extensionId":{"value":"vscode.markdown-language-features","_lower":"vscode.markdown-language-features"},"activationEvent":"onLanguage:markdown"}
[2020-12-13 21:30:57.761] [exthost] [info] ExtensionService#loadCommonJSModule file:///c:/Users/yu/AppData/Local/Programs/Microsoft VS Code/resources/app/extensions/markdown-language-features/dist/extension
[2020-12-13 21:30:57.812] [exthost] [info] ExtensionService#_doActivateExtension yzhang.markdown-all-in-one {"startup":false,"extensionId":{"value":"yzhang.markdown-all-in-one","_lower":"yzhang.markdown-all-in-one"},"activationEvent":"onLanguage:markdown"}
[2020-12-13 21:30:57.812] [exthost] [info] ExtensionService#loadCommonJSModule file:///d:/Workspace/vscode-markdown/dist/extension
[2020-12-13 21:30:57.936] [exthost] [info] ExtensionService#_doActivateExtension vscode.configuration-editing {"startup":false,"extensionId":{"value":"vscode.configuration-editing","_lower":"vscode.configuration-editing"},"activationEvent":"onLanguage:jsonc"}
[2020-12-13 21:30:57.937] [exthost] [info] ExtensionService#loadCommonJSModule file:///c:/Users/yu/AppData/Local/Programs/Microsoft VS Code/resources/app/extensions/configuration-editing/dist/configurationEditingMain
[2020-12-13 21:30:57.943] [exthost] [info] ExtensionService#_doActivateExtension vscode.json-language-features {"startup":false,"extensionId":{"value":"vscode.json-language-features","_lower":"vscode.json-language-features"},"activationEvent":"onLanguage:jsonc"}
[2020-12-13 21:30:57.943] [exthost] [info] ExtensionService#loadCommonJSModule file:///c:/Users/yu/AppData/Local/Programs/Microsoft VS Code/resources/app/extensions/json-language-features/client/dist/node/jsonClientMain
[2020-12-13 21:30:57.984] [exthost] [info] ExtensionService#_doActivateExtension vscode.typescript-language-features {"startup":false,"extensionId":{"value":"vscode.typescript-language-features","_lower":"vscode.typescript-language-features"},"activationEvent":"onLanguage:jsonc"}
[2020-12-13 21:30:57.984] [exthost] [info] ExtensionService#loadCommonJSModule file:///c:/Users/yu/AppData/Local/Programs/Microsoft VS Code/resources/app/extensions/typescript-language-features/dist/extension
[2020-12-13 21:31:11.605] [exthost] [info] eager extensions activated
